<?xml version="1.0" encoding="UTF-8"?>
<!-- Generated by org.testng.reporters.JUnitXMLReporter -->
<testsuite hostname="wh-chunqingz-01" ignored="0" name="搜索" tests="6" failures="0" timestamp="08 二月 2018 05:21:20 GMT" time="81.872" errors="0">
  <testcase name="baidu搜索7e456814361745aa87fbb3153bd13c5a" time="8.004" classname="quark.jautor.testcases.Baidu3a6eaad4a9994d3080f10c28f444614f"/>
  <testcase name="baidu搜索7e456814361745aa87fbb3153bd13c5a" time="6.02" classname="quark.jautor.testcases.Baidu3a6eaad4a9994d3080f10c28f444614f"/>
  <testcase name="baidu搜索7e456814361745aa87fbb3153bd13c5a" time="10.231" classname="quark.jautor.testcases.Baidu3a6eaad4a9994d3080f10c28f444614f"/>
  <testcase name="sogou搜索f2aab86852bc4ef3a2bb24dbf9d43268" time="27.727" classname="quark.jautor.testcases.Sogoucce28d2274814e8d8f20657b20594eb5"/>
  <testcase name="sogou搜索f2aab86852bc4ef3a2bb24dbf9d43268" time="26.359" classname="quark.jautor.testcases.Sogoucce28d2274814e8d8f20657b20594eb5"/>
  <testcase name="sogou搜索f2aab86852bc4ef3a2bb24dbf9d43268" time="26.163" classname="quark.jautor.testcases.Sogoucce28d2274814e8d8f20657b20594eb5"/>
</testsuite> <!-- 搜索 -->
